<?xml version="1.0" encoding="UTF-8"?>
<testng-results skipped="0" failed="0" total="1" passed="1">
  <reporter-output>
  </reporter-output>
  <suite name="Default suite" duration-ms="945" started-at="2021-06-19T13:52:09Z" finished-at="2021-06-19T13:52:10Z">
    <groups>
    </groups>
    <test name="Default test" duration-ms="945" started-at="2021-06-19T13:52:09Z" finished-at="2021-06-19T13:52:10Z">
      <class name="extentreport.extReport">
        <test-method status="PASS" signature="loginTest()[pri:0, instance:extentreport.extReport@1bb6bea]" name="loginTest" duration-ms="900" started-at="2021-06-19T19:22:09Z" finished-at="2021-06-19T19:22:10Z">
          <reporter-output>
          </reporter-output>
        </test-method> <!-- loginTest -->
      </class> <!-- extentreport.extReport -->
    </test> <!-- Default test -->
  </suite> <!-- Default suite -->
</testng-results>
